<?xml version="1.0" encoding="UTF-8"?>
<!-- Generated by org.testng.reporters.JUnitReportReporter -->
<testsuite hostname="DESKTOP-LOKGKB2" failures="0" tests="1" name="com.OpenCart.TestCases.T2_LoginPageTest" time="14.356" errors="0" timestamp="2025-09-15T20:25:54 IST" skipped="0">
  <testcase classname="com.OpenCart.TestCases.T2_LoginPageTest" name="TC_LF_001_validateLoginFunctionality" time="14.356"/>
</testsuite> <!-- com.OpenCart.TestCases.T2_LoginPageTest -->
