<?xml version="1.0" encoding="UTF-8"?>
<!-- Generated by org.testng.reporters.JUnitReportReporter -->
<testsuite hostname="DESKTOP-LOKGKB2" failures="0" tests="7" name="com.OpenCart.TestCases.T1_AccountRegistrationPageTest" time="52.591" errors="0" timestamp="2025-09-14T15:08:23 IST" skipped="0">
  <testcase classname="com.OpenCart.TestCases.T1_AccountRegistrationPageTest" name="validateNewsletterYesButton" time="8.989"/>
  <testcase classname="com.OpenCart.TestCases.T1_AccountRegistrationPageTest" name="validatebothpassword" time="7.286"/>
  <testcase classname="com.OpenCart.TestCases.T1_AccountRegistrationPageTest" name="validateWithInvalidphone" time="6.229"/>
  <testcase classname="com.OpenCart.TestCases.T1_AccountRegistrationPageTest" name="validateMandatoryField" time="8.095"/>
  <testcase classname="com.OpenCart.TestCases.T1_AccountRegistrationPageTest" name="validateNewsletterNoButton" time="10.910"/>
  <testcase classname="com.OpenCart.TestCases.T1_AccountRegistrationPageTest" name="navigatediffwayOfRegister" time="4.350"/>
  <testcase classname="com.OpenCart.TestCases.T1_AccountRegistrationPageTest" name="validateWithInvalidEmail" time="6.732"/>
</testsuite> <!-- com.OpenCart.TestCases.T1_AccountRegistrationPageTest -->
