<?xml version="1.0" encoding="UTF-8"?>
<!-- Generated by org.testng.reporters.JUnitReportReporter -->
<testsuite hostname="DESKTOP-LOKGKB2" failures="0" tests="3" name="com.OpenCart.TestCases.T2_LoginPageTest" time="8.109" errors="0" timestamp="2025-09-03T19:06:23 IST" skipped="0">
  <testcase classname="com.OpenCart.TestCases.T2_LoginPageTest" name="varifyUrl" time="5.402"/>
  <testcase classname="com.OpenCart.TestCases.T2_LoginPageTest" name="varifyTitle" time="1.045"/>
  <testcase classname="com.OpenCart.TestCases.T2_LoginPageTest" name="validateLoginFunctionality" time="1.662"/>
</testsuite> <!-- com.OpenCart.TestCases.T2_LoginPageTest -->
