<?xml version="1.0" encoding="UTF-8"?>
<!-- Generated by org.testng.reporters.JUnitReportReporter -->
<testsuite hostname="DESKTOP-LOKGKB2" failures="0" tests="5" name="com.OpenCart.TestCases.T1_AccountRegistrationPageTest" time="45.404" errors="0" timestamp="2025-09-08T19:29:22 IST" skipped="0">
  <testcase classname="com.OpenCart.TestCases.T1_AccountRegistrationPageTest" name="validateWithInvalidEmail" time="8.093"/>
  <testcase classname="com.OpenCart.TestCases.T1_AccountRegistrationPageTest" name="navigatediffwayOfRegister" time="7.062"/>
  <testcase classname="com.OpenCart.TestCases.T1_AccountRegistrationPageTest" name="validateMandatoryField" time="9.430"/>
  <testcase classname="com.OpenCart.TestCases.T1_AccountRegistrationPageTest" name="validateNewsletterNoButton" time="11.998"/>
  <testcase classname="com.OpenCart.TestCases.T1_AccountRegistrationPageTest" name="validateNewsletterYesButton" time="8.821"/>
</testsuite> <!-- com.OpenCart.TestCases.T1_AccountRegistrationPageTest -->
