<?xml version="1.0" encoding="UTF-8"?>
<!-- Generated by org.testng.reporters.JUnitReportReporter -->
<testsuite hostname="DESKTOP-LOKGKB2" failures="0" tests="5" name="com.OpenCart.TestCases.T1_AccountRegistrationPageTest" time="50.864" errors="0" timestamp="2025-09-09T16:12:52 IST" skipped="0">
  <testcase classname="com.OpenCart.TestCases.T1_AccountRegistrationPageTest" name="validateMandatoryField" time="13.364"/>
  <testcase classname="com.OpenCart.TestCases.T1_AccountRegistrationPageTest" name="validateNewsletterNoButton" time="8.901"/>
  <testcase classname="com.OpenCart.TestCases.T1_AccountRegistrationPageTest" name="navigatediffwayOfRegister" time="8.252"/>
  <testcase classname="com.OpenCart.TestCases.T1_AccountRegistrationPageTest" name="validateNewsletterYesButton" time="10.772"/>
  <testcase classname="com.OpenCart.TestCases.T1_AccountRegistrationPageTest" name="validateWithInvalidEmail" time="9.575"/>
</testsuite> <!-- com.OpenCart.TestCases.T1_AccountRegistrationPageTest -->
