<?xml version="1.0" encoding="UTF-8"?>
<!-- Generated by org.testng.reporters.JUnitReportReporter -->
<testsuite hostname="DESKTOP-LOKGKB2" failures="0" tests="1" name="com.OpenCart.TestCases.T8_Logout" time="11.243" errors="0" timestamp="2025-09-15T21:44:16 IST" skipped="0">
  <testcase classname="com.OpenCart.TestCases.T8_Logout" name="TC_LG_001_ValidateLogoutFromMyAccount" time="11.243"/>
</testsuite> <!-- com.OpenCart.TestCases.T8_Logout -->
