<?xml version="1.0" encoding="UTF-8"?>
<!-- Generated by org.testng.reporters.JUnitReportReporter -->
<testsuite hostname="DESKTOP-LOKGKB2" failures="0" tests="1" name="com.OpenCart.TestCases.T2_LoginPageTest" time="8.646" errors="0" timestamp="2025-09-14T15:10:48 IST" skipped="0">
  <testcase classname="com.OpenCart.TestCases.T2_LoginPageTest" name="TC_LF_009_validateBrowserbackbutton" time="8.646"/>
</testsuite> <!-- com.OpenCart.TestCases.T2_LoginPageTest -->
