<?xml version="1.0" encoding="UTF-8"?>
<!-- Generated by org.testng.reporters.JUnitReportReporter -->
<testsuite hostname="DESKTOP-LOKGKB2" failures="0" tests="4" name="com.OpenCart.TestCases.T3_HomePageTest" time="15.869" errors="0" timestamp="2025-09-03T19:06:23 IST" skipped="0">
  <testcase classname="com.OpenCart.TestCases.T3_HomePageTest" name="verifyProductCount" time="1.122"/>
  <testcase classname="com.OpenCart.TestCases.T3_HomePageTest" name="verifyProductDetails" time="1.287"/>
  <testcase classname="com.OpenCart.TestCases.T3_HomePageTest" name="validateAddToCart" time="12.200"/>
  <testcase classname="com.OpenCart.TestCases.T3_HomePageTest" name="verifyCartPageLaunch" time="1.260"/>
</testsuite> <!-- com.OpenCart.TestCases.T3_HomePageTest -->
