<?xml version="1.0" encoding="UTF-8"?>
<!-- Generated by org.testng.reporters.JUnitReportReporter -->
<testsuite hostname="DESKTOP-LOKGKB2" failures="0" tests="7" name="com.OpenCart.TestCases.T1_AccountRegistrationPageTest" time="55.917" errors="0" timestamp="2025-09-14T16:17:44 IST" skipped="0">
  <testcase classname="com.OpenCart.TestCases.T1_AccountRegistrationPageTest" name="validateWithInvalidEmail" time="6.877"/>
  <testcase classname="com.OpenCart.TestCases.T1_AccountRegistrationPageTest" name="navigatediffwayOfRegister" time="7.290"/>
  <testcase classname="com.OpenCart.TestCases.T1_AccountRegistrationPageTest" name="validateNewsletterNoButton" time="8.097"/>
  <testcase classname="com.OpenCart.TestCases.T1_AccountRegistrationPageTest" name="validateNewsletterYesButton" time="11.007"/>
  <testcase classname="com.OpenCart.TestCases.T1_AccountRegistrationPageTest" name="validatebothpassword" time="7.154"/>
  <testcase classname="com.OpenCart.TestCases.T1_AccountRegistrationPageTest" name="validateWithInvalidphone" time="7.298"/>
  <testcase classname="com.OpenCart.TestCases.T1_AccountRegistrationPageTest" name="validateMandatoryField" time="8.194"/>
</testsuite> <!-- com.OpenCart.TestCases.T1_AccountRegistrationPageTest -->
