<?xml version="1.0" encoding="UTF-8"?>
<!-- Generated by org.testng.reporters.JUnitReportReporter -->
<testsuite hostname="DESKTOP-LOKGKB2" failures="0" tests="12" name="com.OpenCart.TestCases.T2_LoginPageTest" time="84.806" errors="0" timestamp="2025-09-14T16:17:44 IST" skipped="0">
  <testcase classname="com.OpenCart.TestCases.T2_LoginPageTest" name="TC_LF_002_validateWithInvalidCred" time="6.771"/>
  <testcase classname="com.OpenCart.TestCases.T2_LoginPageTest" name="TC_LF_008_ValidatePlaceholderText" time="5.664"/>
  <testcase classname="com.OpenCart.TestCases.T2_LoginPageTest" name="TC_LF_003_invalidEmailvalidPassward" time="6.973"/>
  <testcase classname="com.OpenCart.TestCases.T2_LoginPageTest" name="TC_LF_006_ValidateForgottenPasswordLnk" time="6.273"/>
  <testcase classname="com.OpenCart.TestCases.T2_LoginPageTest" name="TC_LF_005_validateWithoutCredentials" time="5.740"/>
  <testcase classname="com.OpenCart.TestCases.T2_LoginPageTest" name="TC_LF_004_validEmailinvalidpassward" time="8.097"/>
  <testcase classname="com.OpenCart.TestCases.T2_LoginPageTest" name="TC_LF_007_ValidatewithKeyboardkeys" time="7.424"/>
  <testcase classname="com.OpenCart.TestCases.T2_LoginPageTest" name="TC_LF_013_validatePaaswordVisibility" time="6.325"/>
  <testcase classname="com.OpenCart.TestCases.T2_LoginPageTest" name="varifyUrl" time="5.459"/>
  <testcase classname="com.OpenCart.TestCases.T2_LoginPageTest" name="varifyTitle" time="5.768"/>
  <testcase classname="com.OpenCart.TestCases.T2_LoginPageTest" name="TC_LF_001_validateLoginFunctionality" time="7.528"/>
  <testcase classname="com.OpenCart.TestCases.T2_LoginPageTest" name="TC_LF_009_validateBrowserbackbutton" time="12.784"/>
</testsuite> <!-- com.OpenCart.TestCases.T2_LoginPageTest -->
